!SESSION 2022-05-17 17:19:25.456 -----------------------------------------------
eclipse.buildId=4.23.0.I20220308-0310
java.version=17.0.2
java.vendor=Eclipse Adoptium
BootLoader constants: OS=win32, ARCH=x86_64, WS=win32, NL=es_PE
Framework arguments:  -product org.eclipse.epp.package.jee.product
Command-line arguments:  -os win32 -ws win32 -arch x86_64 -product org.eclipse.epp.package.jee.product

!ENTRY org.eclipse.jface 2 0 2022-05-17 17:27:40.603
!MESSAGE Keybinding conflicts occurred.  They may interfere with normal accelerator operation.
!SUBENTRY 1 org.eclipse.jface 2 0 2022-05-17 17:27:40.603
!MESSAGE A conflict occurred for CTRL+SHIFT+T:
Binding(CTRL+SHIFT+T,
	ParameterizedCommand(Command(org.eclipse.jdt.ui.navigate.open.type,Open Type,
		Open a type in a Java editor,
		Category(org.eclipse.ui.category.navigate,Navigate,null,true),
		org.eclipse.ui.internal.WorkbenchHandlerServiceHandler@3d00c2ae,
		,,true),null),
	org.eclipse.ui.defaultAcceleratorConfiguration,
	org.eclipse.ui.contexts.window,,,system)
Binding(CTRL+SHIFT+T,
	ParameterizedCommand(Command(org.eclipse.lsp4e.symbolinworkspace,Go to Symbol in Workspace,
		,
		Category(org.eclipse.lsp4e.category,Language Servers,null,true),
		org.eclipse.ui.internal.WorkbenchHandlerServiceHandler@665574fb,
		,,true),null),
	org.eclipse.ui.defaultAcceleratorConfiguration,
	org.eclipse.ui.contexts.window,,,system)
!SUBENTRY 1 org.eclipse.jface 2 0 2022-05-17 17:27:40.603
!MESSAGE A conflict occurred for ALT+SHIFT+R:
Binding(ALT+SHIFT+R,
	ParameterizedCommand(Command(org.eclipse.jdt.ui.edit.text.java.rename.element,Rename - Refactoring ,
		Rename the selected element,
		Category(org.eclipse.jdt.ui.category.refactoring,Refactor - Java,Java Refactoring Actions,true),
		org.eclipse.ui.internal.WorkbenchHandlerServiceHandler@3eb7ff78,
		,,true),null),
	org.eclipse.ui.defaultAcceleratorConfiguration,
	org.eclipse.ui.contexts.window,,,system)
Binding(ALT+SHIFT+R,
	ParameterizedCommand(Command(org.eclipse.ui.edit.rename,Rename,
		Rename the selected item,
		Category(org.eclipse.ui.category.file,File,null,true),
		org.eclipse.ui.internal.WorkbenchHandlerServiceHandler@6b83ec49,
		,,true),null),
	org.eclipse.ui.defaultAcceleratorConfiguration,
	org.eclipse.ui.contexts.window,,,system)

!ENTRY org.eclipse.ui.navigator 2 0 2022-05-17 17:27:44.131
!MESSAGE Can't find Navigator Content Descriptor with id: org.eclipse.jst.servlet.ui.EnhancedJavaRendering

!ENTRY org.eclipse.ui.navigator 2 0 2022-05-17 17:27:44.132
!MESSAGE Can't find Navigator Content Descriptor with id: org.eclipse.jst.servlet.ui.EnhancedJavaRendering

!ENTRY org.eclipse.egit.ui 2 0 2022-05-17 17:27:44.155
!MESSAGE Warning: The environment variable HOME is not set. The following directory will be used to store the Git
user global configuration and to define the default location to store repositories: 'C:\Users\usuario'. If this is
not correct please set the HOME environment variable and restart Eclipse. Otherwise Git for Windows and
EGit might behave differently since they see different configuration options.
This warning can be switched off on the Team > Git > Confirmations and Warnings preference page.

!ENTRY org.eclipse.equinox.p2.repository 2 0 2022-05-17 17:43:09.841
!MESSAGE Using unsafe http transport to retrieve http://download.jboss.org/jbosstools/static/photon/stable/updates/core/4.23.0.Final/content.xml.xz, see CVE-2021-41033. Consider using https instead.

!ENTRY org.eclipse.equinox.p2.repository 2 0 2022-05-17 17:43:10.346
!MESSAGE Using unsafe http transport to retrieve http://download.jboss.org/jbosstools/static/photon/stable/updates/central/4.23.0.Final/content.xml.xz, see CVE-2021-41033. Consider using https instead.

!ENTRY org.eclipse.equinox.p2.repository 2 0 2022-05-17 17:43:10.523
!MESSAGE Using unsafe http transport to retrieve http://download.jboss.org/jbosstools/targetplatforms/jbtcentraltarget/4.23.0.AM1-SNAPSHOT/REPO/, see CVE-2021-41033. Consider using https instead.

!ENTRY org.eclipse.wst.validation 4 0 2022-05-17 17:46:11.441
!MESSAGE OperationCanceledException
!STACK 0
org.eclipse.core.runtime.OperationCanceledException: 
	at org.eclipse.wst.validation.internal.operations.ValidationOperation.checkCanceled(ValidationOperation.java:197)
	at org.eclipse.wst.validation.internal.operations.ValidationOperation.run(ValidationOperation.java:652)
	at org.eclipse.wst.validation.internal.operations.ValidationBuilder.performFullBuild(ValidationBuilder.java:264)
	at org.eclipse.wst.validation.internal.operations.ValidationBuilder.performFullBuild(ValidationBuilder.java:256)
	at org.eclipse.wst.validation.internal.operations.ValidationBuilder.build(ValidationBuilder.java:182)
	at org.eclipse.core.internal.events.BuildManager$2.run(BuildManager.java:860)
	at org.eclipse.core.runtime.SafeRunner.run(SafeRunner.java:45)
	at org.eclipse.core.internal.events.BuildManager.basicBuild(BuildManager.java:232)
	at org.eclipse.core.internal.events.BuildManager.basicBuild(BuildManager.java:281)
	at org.eclipse.core.internal.events.BuildManager$1.run(BuildManager.java:334)
	at org.eclipse.core.runtime.SafeRunner.run(SafeRunner.java:45)
	at org.eclipse.core.internal.events.BuildManager.basicBuild(BuildManager.java:337)
	at org.eclipse.core.internal.events.BuildManager.basicBuildLoop(BuildManager.java:392)
	at org.eclipse.core.internal.events.BuildManager.build(BuildManager.java:417)
	at org.eclipse.core.internal.events.AutoBuildJob.doBuild(AutoBuildJob.java:161)
	at org.eclipse.core.internal.events.AutoBuildJob.run(AutoBuildJob.java:255)
	at org.eclipse.core.internal.jobs.Worker.run(Worker.java:63)
!SESSION 2022-05-19 15:20:25.492 -----------------------------------------------
eclipse.buildId=4.23.0.I20220308-0310
java.version=17.0.2
java.vendor=Eclipse Adoptium
BootLoader constants: OS=win32, ARCH=x86_64, WS=win32, NL=es_PE
Framework arguments:  -product org.eclipse.epp.package.jee.product
Command-line arguments:  -os win32 -ws win32 -arch x86_64 -product org.eclipse.epp.package.jee.product

!ENTRY org.eclipse.jface 2 0 2022-05-19 15:20:48.403
!MESSAGE Keybinding conflicts occurred.  They may interfere with normal accelerator operation.
!SUBENTRY 1 org.eclipse.jface 2 0 2022-05-19 15:20:48.403
!MESSAGE A conflict occurred for CTRL+SHIFT+T:
Binding(CTRL+SHIFT+T,
	ParameterizedCommand(Command(org.eclipse.jdt.ui.navigate.open.type,Open Type,
		Open a type in a Java editor,
		Category(org.eclipse.ui.category.navigate,Navigate,null,true),
		org.eclipse.ui.internal.WorkbenchHandlerServiceHandler@455cb6d9,
		,,true),null),
	org.eclipse.ui.defaultAcceleratorConfiguration,
	org.eclipse.ui.contexts.window,,,system)
Binding(CTRL+SHIFT+T,
	ParameterizedCommand(Command(org.eclipse.lsp4e.symbolinworkspace,Go to Symbol in Workspace,
		,
		Category(org.eclipse.lsp4e.category,Language Servers,null,true),
		org.eclipse.ui.internal.WorkbenchHandlerServiceHandler@6d7a343f,
		,,true),null),
	org.eclipse.ui.defaultAcceleratorConfiguration,
	org.eclipse.ui.contexts.window,,,system)
!SUBENTRY 1 org.eclipse.jface 2 0 2022-05-19 15:20:48.403
!MESSAGE A conflict occurred for ALT+SHIFT+R:
Binding(ALT+SHIFT+R,
	ParameterizedCommand(Command(org.eclipse.jdt.ui.edit.text.java.rename.element,Rename - Refactoring ,
		Rename the selected element,
		Category(org.eclipse.jdt.ui.category.refactoring,Refactor - Java,Java Refactoring Actions,true),
		org.eclipse.ui.internal.WorkbenchHandlerServiceHandler@5d2bfc9f,
		,,true),null),
	org.eclipse.ui.defaultAcceleratorConfiguration,
	org.eclipse.ui.contexts.window,,,system)
Binding(ALT+SHIFT+R,
	ParameterizedCommand(Command(org.eclipse.ui.edit.rename,Rename,
		Rename the selected item,
		Category(org.eclipse.ui.category.file,File,null,true),
		org.eclipse.ui.internal.WorkbenchHandlerServiceHandler@1bd6bfb0,
		,,true),null),
	org.eclipse.ui.defaultAcceleratorConfiguration,
	org.eclipse.ui.contexts.window,,,system)

!ENTRY org.eclipse.ui.navigator 2 0 2022-05-19 15:20:52.189
!MESSAGE Can't find Navigator Content Descriptor with id: org.eclipse.jst.servlet.ui.EnhancedJavaRendering

!ENTRY org.eclipse.ui.navigator 2 0 2022-05-19 15:20:52.189
!MESSAGE Can't find Navigator Content Descriptor with id: org.eclipse.jst.servlet.ui.EnhancedJavaRendering

!ENTRY org.eclipse.egit.ui 2 0 2022-05-19 15:20:52.210
!MESSAGE Warning: The environment variable HOME is not set. The following directory will be used to store the Git
user global configuration and to define the default location to store repositories: 'C:\Users\usuario'. If this is
not correct please set the HOME environment variable and restart Eclipse. Otherwise Git for Windows and
EGit might behave differently since they see different configuration options.
This warning can be switched off on the Team > Git > Confirmations and Warnings preference page.

!ENTRY org.eclipse.m2e.logback.appender 4 0 2022-05-19 15:21:50.352
!MESSAGE Illegal character in path at index 39: file:/C:/Users/usuario/Desktop/LENGUAJE DE PROGRAMACION 2 (PROGRAMAS)/eclipse/plugins/org.eclipse.m2e.maven.runtime_1.18.3.20220227-1319/jars/
!STACK 0
java.net.URISyntaxException: Illegal character in path at index 39: file:/C:/Users/usuario/Desktop/LENGUAJE DE PROGRAMACION 2 (PROGRAMAS)/eclipse/plugins/org.eclipse.m2e.maven.runtime_1.18.3.20220227-1319/jars/
	at java.base/java.net.URI$Parser.fail(URI.java:2974)
	at java.base/java.net.URI$Parser.checkChars(URI.java:3145)
	at java.base/java.net.URI$Parser.parseHierarchical(URI.java:3227)
	at java.base/java.net.URI$Parser.parse(URI.java:3175)
	at java.base/java.net.URI.<init>(URI.java:623)
	at java.base/java.net.URL.toURI(URL.java:1056)
	at org.eclipse.m2e.editor.lemminx.MavenRuntimeClasspathProvider.addJarsFromBundle(MavenRuntimeClasspathProvider.java:81)
	at org.eclipse.m2e.editor.lemminx.MavenRuntimeClasspathProvider.get(MavenRuntimeClasspathProvider.java:66)
	at org.eclipse.m2e.editor.lemminx.MavenRuntimeClasspathProvider.get(MavenRuntimeClasspathProvider.java:1)
	at java.base/java.util.stream.ReferencePipeline$3$1.accept(ReferencePipeline.java:197)
	at java.base/java.util.stream.ReferencePipeline$3$1.accept(ReferencePipeline.java:197)
	at java.base/java.util.HashMap$EntrySpliterator.forEachRemaining(HashMap.java:1850)
	at java.base/java.util.stream.AbstractPipeline.copyInto(AbstractPipeline.java:509)
	at java.base/java.util.stream.AbstractPipeline.wrapAndCopyInto(AbstractPipeline.java:499)
	at java.base/java.util.stream.ForEachOps$ForEachOp.evaluateSequential(ForEachOps.java:150)
	at java.base/java.util.stream.ForEachOps$ForEachOp$OfRef.evaluateSequential(ForEachOps.java:173)
	at java.base/java.util.stream.AbstractPipeline.evaluate(AbstractPipeline.java:234)
	at java.base/java.util.stream.ReferencePipeline.forEach(ReferencePipeline.java:596)
	at org.eclipse.wildwebdeveloper.xml.internal.XMLExtensionRegistry.getXMLLSClassPathExtensions(XMLExtensionRegistry.java:81)
	at org.eclipse.wildwebdeveloper.xml.internal.XMLLanguageServer.getExtensionJarPaths(XMLLanguageServer.java:142)
	at org.eclipse.wildwebdeveloper.xml.internal.XMLLanguageServer.<init>(XMLLanguageServer.java:83)
	at java.base/jdk.internal.reflect.NativeConstructorAccessorImpl.newInstance0(Native Method)
	at java.base/jdk.internal.reflect.NativeConstructorAccessorImpl.newInstance(NativeConstructorAccessorImpl.java:77)
	at java.base/jdk.internal.reflect.DelegatingConstructorAccessorImpl.newInstance(DelegatingConstructorAccessorImpl.java:45)
	at java.base/java.lang.reflect.Constructor.newInstanceWithCaller(Constructor.java:499)
	at java.base/java.lang.reflect.Constructor.newInstance(Constructor.java:480)
	at org.eclipse.core.internal.registry.osgi.RegistryStrategyOSGI.createExecutableExtension(RegistryStrategyOSGI.java:204)
	at org.eclipse.core.internal.registry.ExtensionRegistry.createExecutableExtension(ExtensionRegistry.java:920)
	at org.eclipse.core.internal.registry.ConfigurationElement.createExecutableExtension(ConfigurationElement.java:246)
	at org.eclipse.core.internal.registry.ConfigurationElementHandle.createExecutableExtension(ConfigurationElementHandle.java:63)
	at org.eclipse.lsp4e.LanguageServersRegistry$ExtensionLanguageServerDefinition.createConnectionProvider(LanguageServersRegistry.java:127)
	at org.eclipse.lsp4e.LanguageServerWrapper.lambda$1(LanguageServerWrapper.java:222)
	at java.base/java.util.concurrent.CompletableFuture$AsyncSupply.run(CompletableFuture.java:1768)
	at java.base/java.util.concurrent.CompletableFuture$AsyncSupply.exec(CompletableFuture.java:1760)
	at java.base/java.util.concurrent.ForkJoinTask.doExec(ForkJoinTask.java:373)
	at java.base/java.util.concurrent.ForkJoinPool$WorkQueue.topLevelExec(ForkJoinPool.java:1182)
	at java.base/java.util.concurrent.ForkJoinPool.scan(ForkJoinPool.java:1655)
	at java.base/java.util.concurrent.ForkJoinPool.runWorker(ForkJoinPool.java:1622)
	at java.base/java.util.concurrent.ForkJoinWorkerThread.run(ForkJoinWorkerThread.java:165)

!ENTRY org.eclipse.wildwebdeveloper.xml 4 0 2022-05-19 15:21:50.492
!MESSAGE /org/eclipse/persistence/jaxb/eclipselink_oxm_2_5.xsd
!STACK 0
java.io.FileNotFoundException: /org/eclipse/persistence/jaxb/eclipselink_oxm_2_5.xsd
	at org.eclipse.osgi.storage.url.bundleentry.Handler.findBundleEntry(Handler.java:55)
	at org.eclipse.osgi.storage.url.BundleResourceHandler.openConnection(BundleResourceHandler.java:182)
	at java.base/java.net.URL.openConnection(URL.java:1094)
	at org.eclipse.core.internal.boot.PlatformURLConnection.connect(PlatformURLConnection.java:115)
	at org.eclipse.core.internal.boot.PlatformURLConnection.getURLAsLocal(PlatformURLConnection.java:240)
	at org.eclipse.core.internal.runtime.PlatformURLConverter.toFileURL(PlatformURLConverter.java:37)
	at org.eclipse.core.runtime.FileLocator.toFileURL(FileLocator.java:263)
	at org.eclipse.wildwebdeveloper.xml.internal.ui.preferences.XMLCatalogs.createURI(XMLCatalogs.java:139)
	at org.eclipse.wildwebdeveloper.xml.internal.ui.preferences.XMLCatalogs.lambda$3(XMLCatalogs.java:87)
	at java.base/java.util.stream.ForEachOps$ForEachOp$OfRef.accept(ForEachOps.java:183)
	at java.base/java.util.Spliterators$ArraySpliterator.forEachRemaining(Spliterators.java:992)
	at java.base/java.util.stream.ReferencePipeline$Head.forEach(ReferencePipeline.java:762)
	at java.base/java.util.stream.ReferencePipeline$7$1.accept(ReferencePipeline.java:276)
	at java.base/java.util.stream.ReferencePipeline$2$1.accept(ReferencePipeline.java:179)
	at java.base/java.util.Spliterators$ArraySpliterator.forEachRemaining(Spliterators.java:992)
	at java.base/java.util.stream.AbstractPipeline.copyInto(AbstractPipeline.java:509)
	at java.base/java.util.stream.AbstractPipeline.wrapAndCopyInto(AbstractPipeline.java:499)
	at java.base/java.util.stream.ForEachOps$ForEachOp.evaluateSequential(ForEachOps.java:150)
	at java.base/java.util.stream.ForEachOps$ForEachOp$OfRef.evaluateSequential(ForEachOps.java:173)
	at java.base/java.util.stream.AbstractPipeline.evaluate(AbstractPipeline.java:234)
	at java.base/java.util.stream.ReferencePipeline.forEach(ReferencePipeline.java:596)
	at org.eclipse.wildwebdeveloper.xml.internal.ui.preferences.XMLCatalogs.getWTPExtensionCatalog(XMLCatalogs.java:65)
	at org.eclipse.wildwebdeveloper.xml.internal.ui.preferences.XMLCatalogs.getAllCatalogs(XMLCatalogs.java:52)
	at org.eclipse.wildwebdeveloper.xml.internal.ui.preferences.XMLPreferenceConstants.storePreferencesToLemminxOptions(XMLPreferenceConstants.java:90)
	at org.eclipse.wildwebdeveloper.xml.internal.XMLLanguageServer.mergeCustomInitializationOptions(XMLLanguageServer.java:163)
	at org.eclipse.wildwebdeveloper.xml.internal.XMLLanguageServer.getInitializationOptions(XMLLanguageServer.java:158)
	at org.eclipse.lsp4e.LanguageServerWrapper.lambda$8(LanguageServerWrapper.java:353)
	at java.base/java.util.concurrent.CompletableFuture$UniCompose.tryFire(CompletableFuture.java:1150)
	at java.base/java.util.concurrent.CompletableFuture.postComplete(CompletableFuture.java:510)
	at java.base/java.util.concurrent.CompletableFuture$AsyncSupply.run(CompletableFuture.java:1773)
	at java.base/java.util.concurrent.CompletableFuture$AsyncSupply.exec(CompletableFuture.java:1760)
	at java.base/java.util.concurrent.ForkJoinTask.doExec(ForkJoinTask.java:373)
	at java.base/java.util.concurrent.ForkJoinPool$WorkQueue.topLevelExec(ForkJoinPool.java:1182)
	at java.base/java.util.concurrent.ForkJoinPool.scan(ForkJoinPool.java:1655)
	at java.base/java.util.concurrent.ForkJoinPool.runWorker(ForkJoinPool.java:1622)
	at java.base/java.util.concurrent.ForkJoinWorkerThread.run(ForkJoinWorkerThread.java:165)
!SESSION 2022-05-19 15:28:43.362 -----------------------------------------------
eclipse.buildId=4.23.0.I20220308-0310
java.version=17.0.2
java.vendor=Eclipse Adoptium
BootLoader constants: OS=win32, ARCH=x86_64, WS=win32, NL=es_PE
Framework arguments:  -product org.eclipse.epp.package.jee.product
Command-line arguments:  -os win32 -ws win32 -arch x86_64 -product org.eclipse.epp.package.jee.product

!ENTRY org.eclipse.jface 2 0 2022-05-19 15:28:49.572
!MESSAGE Keybinding conflicts occurred.  They may interfere with normal accelerator operation.
!SUBENTRY 1 org.eclipse.jface 2 0 2022-05-19 15:28:49.572
!MESSAGE A conflict occurred for CTRL+SHIFT+T:
Binding(CTRL+SHIFT+T,
	ParameterizedCommand(Command(org.eclipse.jdt.ui.navigate.open.type,Open Type,
		Open a type in a Java editor,
		Category(org.eclipse.ui.category.navigate,Navigate,null,true),
		org.eclipse.ui.internal.WorkbenchHandlerServiceHandler@63e4bbf9,
		,,true),null),
	org.eclipse.ui.defaultAcceleratorConfiguration,
	org.eclipse.ui.contexts.window,,,system)
Binding(CTRL+SHIFT+T,
	ParameterizedCommand(Command(org.eclipse.lsp4e.symbolinworkspace,Go to Symbol in Workspace,
		,
		Category(org.eclipse.lsp4e.category,Language Servers,null,true),
		org.eclipse.ui.internal.WorkbenchHandlerServiceHandler@455cb6d9,
		,,true),null),
	org.eclipse.ui.defaultAcceleratorConfiguration,
	org.eclipse.ui.contexts.window,,,system)
!SUBENTRY 1 org.eclipse.jface 2 0 2022-05-19 15:28:49.572
!MESSAGE A conflict occurred for ALT+SHIFT+R:
Binding(ALT+SHIFT+R,
	ParameterizedCommand(Command(org.eclipse.jdt.ui.edit.text.java.rename.element,Rename - Refactoring ,
		Rename the selected element,
		Category(org.eclipse.jdt.ui.category.refactoring,Refactor - Java,Java Refactoring Actions,true),
		org.eclipse.ui.internal.WorkbenchHandlerServiceHandler@6d7a343f,
		,,true),null),
	org.eclipse.ui.defaultAcceleratorConfiguration,
	org.eclipse.ui.contexts.window,,,system)
Binding(ALT+SHIFT+R,
	ParameterizedCommand(Command(org.eclipse.ui.edit.rename,Rename,
		Rename the selected item,
		Category(org.eclipse.ui.category.file,File,null,true),
		org.eclipse.ui.internal.WorkbenchHandlerServiceHandler@5d2bfc9f,
		,,true),null),
	org.eclipse.ui.defaultAcceleratorConfiguration,
	org.eclipse.ui.contexts.window,,,system)

!ENTRY org.eclipse.ui.navigator 2 0 2022-05-19 15:28:51.625
!MESSAGE Can't find Navigator Content Descriptor with id: org.eclipse.jst.servlet.ui.EnhancedJavaRendering

!ENTRY org.eclipse.ui.navigator 2 0 2022-05-19 15:28:51.625
!MESSAGE Can't find Navigator Content Descriptor with id: org.eclipse.jst.servlet.ui.EnhancedJavaRendering

!ENTRY org.eclipse.egit.ui 2 0 2022-05-19 15:28:51.645
!MESSAGE Warning: The environment variable HOME is not set. The following directory will be used to store the Git
user global configuration and to define the default location to store repositories: 'C:\Users\usuario'. If this is
not correct please set the HOME environment variable and restart Eclipse. Otherwise Git for Windows and
EGit might behave differently since they see different configuration options.
This warning can be switched off on the Team > Git > Confirmations and Warnings preference page.

!ENTRY org.eclipse.jst.jee 4 2 2022-05-19 15:29:10.432
!MESSAGE Problems occurred when invoking code from plug-in: "org.eclipse.jst.jee".
!STACK 0
java.lang.NullPointerException: Cannot invoke "org.eclipse.emf.ecore.xmi.impl.XMLResourceImpl.setEncoding(String)" because "res" is null
	at org.eclipse.jst.jee.model.internal.JEE5ModelProvider.createModelResource(JEE5ModelProvider.java:209)
	at org.eclipse.jst.jee.model.internal.JEE5ModelProvider.getModelResource(JEE5ModelProvider.java:190)
	at org.eclipse.jst.jee.model.internal.Web25ModelProvider.getModelObject(Web25ModelProvider.java:44)
	at org.eclipse.jst.jee.model.internal.JEE5ModelProvider.getModelObject(JEE5ModelProvider.java:233)
	at org.eclipse.jst.jee.model.internal.Web25MergedModelProvider.getXmlWebApp(Web25MergedModelProvider.java:59)
	at org.eclipse.jst.jee.model.internal.Web25MergedModelProvider.internalModelChanged(Web25MergedModelProvider.java:155)
	at org.eclipse.jst.jee.model.internal.Web25MergedModelProvider.xmlModelChanged(Web25MergedModelProvider.java:146)
	at org.eclipse.jst.jee.model.internal.common.AbstractMergedModelProvider$XmlModelListener.modelsChanged(AbstractMergedModelProvider.java:91)
	at org.eclipse.jst.jee.model.internal.JEE5ModelProvider$NotifyRunner.run(JEE5ModelProvider.java:470)
	at org.eclipse.core.runtime.SafeRunner.run(SafeRunner.java:45)
	at org.eclipse.jst.jee.model.internal.JEE5ModelProvider.notifyListeners(JEE5ModelProvider.java:445)
	at org.eclipse.jst.jee.model.internal.JEE5ModelProvider.resourceChanged(JEE5ModelProvider.java:117)
	at org.eclipse.jst.jee.model.internal.JEE5ModelProvider$ResourceAdapter.notifyChanged(JEE5ModelProvider.java:81)
	at org.eclipse.emf.common.notify.impl.BasicNotifierImpl.eNotify(BasicNotifierImpl.java:424)
	at org.eclipse.emf.ecore.resource.impl.ResourceImpl.setModified(ResourceImpl.java:1867)
	at org.eclipse.emf.ecore.resource.impl.ResourceImpl$ContentsEList.modified(ResourceImpl.java:486)
	at org.eclipse.emf.ecore.resource.impl.ResourceImpl$ContentsEList.didRemove(ResourceImpl.java:447)
	at org.eclipse.emf.common.util.AbstractEList.didClear(AbstractEList.java:170)
	at org.eclipse.emf.ecore.resource.impl.ResourceImpl$ContentsEList.didClear(ResourceImpl.java:466)
	at org.eclipse.emf.common.util.BasicEList.clear(BasicEList.java:639)
	at org.eclipse.emf.common.notify.impl.NotifyingListImpl.doClear(NotifyingListImpl.java:1158)
	at org.eclipse.emf.common.notify.impl.NotifyingListImpl.clear(NotifyingListImpl.java:1085)
	at org.eclipse.emf.ecore.resource.impl.ResourceImpl.doUnload(ResourceImpl.java:1699)
	at org.eclipse.emf.ecore.xmi.impl.XMLResourceImpl.doUnload(XMLResourceImpl.java:720)
	at org.eclipse.emf.ecore.resource.impl.ResourceImpl.unload(ResourceImpl.java:1721)
	at org.eclipse.jem.internal.util.emf.workbench.ProjectResourceSetImpl.removeAndUnloadAllResources(ProjectResourceSetImpl.java:885)
	at org.eclipse.jem.internal.util.emf.workbench.ProjectResourceSetImpl.release(ProjectResourceSetImpl.java:866)
	at org.eclipse.wst.common.internal.emfworkbench.integration.ResourceSetWorkbenchEditSynchronizer.release(ResourceSetWorkbenchEditSynchronizer.java:222)
	at org.eclipse.jem.util.emf.workbench.ResourceSetWorkbenchSynchronizer.resourceChanged(ResourceSetWorkbenchSynchronizer.java:184)
	at org.eclipse.wst.common.internal.emfworkbench.integration.ResourceSetWorkbenchEditSynchronizer.resourceChanged(ResourceSetWorkbenchEditSynchronizer.java:137)
	at org.eclipse.core.internal.events.NotificationManager$1.run(NotificationManager.java:305)
	at org.eclipse.core.runtime.SafeRunner.run(SafeRunner.java:45)
	at org.eclipse.core.internal.events.NotificationManager.notify(NotificationManager.java:295)
	at org.eclipse.core.internal.events.NotificationManager.handleEvent(NotificationManager.java:271)
	at org.eclipse.core.internal.resources.Workspace.broadcastEvent(Workspace.java:376)
	at org.eclipse.core.internal.resources.Resource.broadcastPreDeleteEvent(Resource.java:1860)
	at org.eclipse.core.internal.resources.Resource.delete(Resource.java:751)
	at org.eclipse.core.internal.resources.Project.delete(Project.java:321)
	at org.eclipse.ltk.core.refactoring.resource.DeleteResourceChange.perform(DeleteResourceChange.java:155)
	at org.eclipse.ltk.core.refactoring.CompositeChange.perform(CompositeChange.java:281)
	at org.eclipse.ltk.core.refactoring.CompositeChange.perform(CompositeChange.java:281)
	at org.eclipse.ltk.core.refactoring.PerformChangeOperation.lambda$0(PerformChangeOperation.java:258)
	at org.eclipse.core.internal.resources.Workspace.run(Workspace.java:2315)
	at org.eclipse.core.internal.resources.Workspace.run(Workspace.java:2340)
	at org.eclipse.ltk.core.refactoring.PerformChangeOperation.executeChange(PerformChangeOperation.java:295)
	at org.eclipse.ltk.internal.ui.refactoring.UIPerformChangeOperation.executeChange(UIPerformChangeOperation.java:94)
	at org.eclipse.ltk.core.refactoring.PerformChangeOperation.run(PerformChangeOperation.java:219)
	at org.eclipse.core.internal.resources.Workspace.run(Workspace.java:2315)
	at org.eclipse.core.internal.resources.Workspace.run(Workspace.java:2340)
	at org.eclipse.ltk.internal.ui.refactoring.WorkbenchRunnableAdapter.run(WorkbenchRunnableAdapter.java:89)
	at org.eclipse.jface.operation.ModalContext$ModalContextThread.run(ModalContext.java:122)

!ENTRY org.eclipse.jst.jee 4 0 2022-05-19 15:29:10.433
!MESSAGE Cannot invoke "org.eclipse.emf.ecore.xmi.impl.XMLResourceImpl.setEncoding(String)" because "res" is null
!STACK 0
java.lang.NullPointerException: Cannot invoke "org.eclipse.emf.ecore.xmi.impl.XMLResourceImpl.setEncoding(String)" because "res" is null
	at org.eclipse.jst.jee.model.internal.JEE5ModelProvider.createModelResource(JEE5ModelProvider.java:209)
	at org.eclipse.jst.jee.model.internal.JEE5ModelProvider.getModelResource(JEE5ModelProvider.java:190)
	at org.eclipse.jst.jee.model.internal.Web25ModelProvider.getModelObject(Web25ModelProvider.java:44)
	at org.eclipse.jst.jee.model.internal.JEE5ModelProvider.getModelObject(JEE5ModelProvider.java:233)
	at org.eclipse.jst.jee.model.internal.Web25MergedModelProvider.getXmlWebApp(Web25MergedModelProvider.java:59)
	at org.eclipse.jst.jee.model.internal.Web25MergedModelProvider.internalModelChanged(Web25MergedModelProvider.java:155)
	at org.eclipse.jst.jee.model.internal.Web25MergedModelProvider.xmlModelChanged(Web25MergedModelProvider.java:146)
	at org.eclipse.jst.jee.model.internal.common.AbstractMergedModelProvider$XmlModelListener.modelsChanged(AbstractMergedModelProvider.java:91)
	at org.eclipse.jst.jee.model.internal.JEE5ModelProvider$NotifyRunner.run(JEE5ModelProvider.java:470)
	at org.eclipse.core.runtime.SafeRunner.run(SafeRunner.java:45)
	at org.eclipse.jst.jee.model.internal.JEE5ModelProvider.notifyListeners(JEE5ModelProvider.java:445)
	at org.eclipse.jst.jee.model.internal.JEE5ModelProvider.resourceChanged(JEE5ModelProvider.java:117)
	at org.eclipse.jst.jee.model.internal.JEE5ModelProvider$ResourceAdapter.notifyChanged(JEE5ModelProvider.java:81)
	at org.eclipse.emf.common.notify.impl.BasicNotifierImpl.eNotify(BasicNotifierImpl.java:424)
	at org.eclipse.emf.ecore.resource.impl.ResourceImpl.setModified(ResourceImpl.java:1867)
	at org.eclipse.emf.ecore.resource.impl.ResourceImpl$ContentsEList.modified(ResourceImpl.java:486)
	at org.eclipse.emf.ecore.resource.impl.ResourceImpl$ContentsEList.didRemove(ResourceImpl.java:447)
	at org.eclipse.emf.common.util.AbstractEList.didClear(AbstractEList.java:170)
	at org.eclipse.emf.ecore.resource.impl.ResourceImpl$ContentsEList.didClear(ResourceImpl.java:466)
	at org.eclipse.emf.common.util.BasicEList.clear(BasicEList.java:639)
	at org.eclipse.emf.common.notify.impl.NotifyingListImpl.doClear(NotifyingListImpl.java:1158)
	at org.eclipse.emf.common.notify.impl.NotifyingListImpl.clear(NotifyingListImpl.java:1085)
	at org.eclipse.emf.ecore.resource.impl.ResourceImpl.doUnload(ResourceImpl.java:1699)
	at org.eclipse.emf.ecore.xmi.impl.XMLResourceImpl.doUnload(XMLResourceImpl.java:720)
	at org.eclipse.emf.ecore.resource.impl.ResourceImpl.unload(ResourceImpl.java:1721)
	at org.eclipse.jem.internal.util.emf.workbench.ProjectResourceSetImpl.removeAndUnloadAllResources(ProjectResourceSetImpl.java:885)
	at org.eclipse.jem.internal.util.emf.workbench.ProjectResourceSetImpl.release(ProjectResourceSetImpl.java:866)
	at org.eclipse.wst.common.internal.emfworkbench.integration.ResourceSetWorkbenchEditSynchronizer.release(ResourceSetWorkbenchEditSynchronizer.java:222)
	at org.eclipse.jem.util.emf.workbench.ResourceSetWorkbenchSynchronizer.resourceChanged(ResourceSetWorkbenchSynchronizer.java:184)
	at org.eclipse.wst.common.internal.emfworkbench.integration.ResourceSetWorkbenchEditSynchronizer.resourceChanged(ResourceSetWorkbenchEditSynchronizer.java:137)
	at org.eclipse.core.internal.events.NotificationManager$1.run(NotificationManager.java:305)
	at org.eclipse.core.runtime.SafeRunner.run(SafeRunner.java:45)
	at org.eclipse.core.internal.events.NotificationManager.notify(NotificationManager.java:295)
	at org.eclipse.core.internal.events.NotificationManager.handleEvent(NotificationManager.java:271)
	at org.eclipse.core.internal.resources.Workspace.broadcastEvent(Workspace.java:376)
	at org.eclipse.core.internal.resources.Resource.broadcastPreDeleteEvent(Resource.java:1860)
	at org.eclipse.core.internal.resources.Resource.delete(Resource.java:751)
	at org.eclipse.core.internal.resources.Project.delete(Project.java:321)
	at org.eclipse.ltk.core.refactoring.resource.DeleteResourceChange.perform(DeleteResourceChange.java:155)
	at org.eclipse.ltk.core.refactoring.CompositeChange.perform(CompositeChange.java:281)
	at org.eclipse.ltk.core.refactoring.CompositeChange.perform(CompositeChange.java:281)
	at org.eclipse.ltk.core.refactoring.PerformChangeOperation.lambda$0(PerformChangeOperation.java:258)
	at org.eclipse.core.internal.resources.Workspace.run(Workspace.java:2315)
	at org.eclipse.core.internal.resources.Workspace.run(Workspace.java:2340)
	at org.eclipse.ltk.core.refactoring.PerformChangeOperation.executeChange(PerformChangeOperation.java:295)
	at org.eclipse.ltk.internal.ui.refactoring.UIPerformChangeOperation.executeChange(UIPerformChangeOperation.java:94)
	at org.eclipse.ltk.core.refactoring.PerformChangeOperation.run(PerformChangeOperation.java:219)
	at org.eclipse.core.internal.resources.Workspace.run(Workspace.java:2315)
	at org.eclipse.core.internal.resources.Workspace.run(Workspace.java:2340)
	at org.eclipse.ltk.internal.ui.refactoring.WorkbenchRunnableAdapter.run(WorkbenchRunnableAdapter.java:89)
	at org.eclipse.jface.operation.ModalContext$ModalContextThread.run(ModalContext.java:122)

!ENTRY org.eclipse.jdt.core 4 969 2022-05-19 15:29:10.488
!MESSAGE Proyecto-LP2 does not exist

!ENTRY org.eclipse.jdt.core 4 969 2022-05-19 15:29:10.489
!MESSAGE Proyecto-LP2 does not exist

!ENTRY org.eclipse.jdt.core 4 969 2022-05-19 15:29:10.490
!MESSAGE Proyecto-LP2 does not exist

!ENTRY org.eclipse.jdt.core 4 969 2022-05-19 15:29:10.490
!MESSAGE Proyecto-LP2 does not exist

!ENTRY org.eclipse.jdt.core 4 969 2022-05-19 15:29:10.491
!MESSAGE Proyecto-LP2 does not exist

!ENTRY org.eclipse.jdt.core 4 969 2022-05-19 15:29:10.492
!MESSAGE Proyecto-LP2 does not exist

!ENTRY org.eclipse.jdt.core 4 969 2022-05-19 15:29:10.493
!MESSAGE Proyecto-LP2 does not exist

!ENTRY org.eclipse.jdt.core 4 969 2022-05-19 15:29:10.494
!MESSAGE Proyecto-LP2 does not exist

!ENTRY org.eclipse.jdt.core 4 969 2022-05-19 15:29:10.495
!MESSAGE Proyecto-LP2 does not exist

!ENTRY org.eclipse.jdt.core 4 969 2022-05-19 15:29:10.495
!MESSAGE Proyecto-LP2 does not exist

!ENTRY org.eclipse.wst.jsdt.core 4 4 2022-05-19 15:29:10.653
!MESSAGE Exception while initializing all containers
!STACK 1
org.eclipse.core.internal.resources.ResourceException(/Proyecto-LP2)[368]: java.lang.Exception: Resource '/Proyecto-LP2' does not exist.
	at org.eclipse.core.internal.resources.ResourceException.provideStackTrace(ResourceException.java:42)
	at org.eclipse.core.internal.resources.ResourceException.<init>(ResourceException.java:38)
	at org.eclipse.core.internal.resources.Resource.checkExists(Resource.java:330)
	at org.eclipse.core.internal.resources.Resource.checkAccessible(Resource.java:204)
	at org.eclipse.core.internal.resources.Project.checkAccessible(Project.java:145)
	at org.eclipse.core.internal.resources.Resource.checkAccessibleAndLocal(Resource.java:210)
	at org.eclipse.core.internal.resources.Resource.touch(Resource.java:1763)
	at org.eclipse.core.internal.resources.Project.touch(Project.java:1324)
	at org.eclipse.wst.jsdt.internal.core.SetContainerOperation.execute(SetContainerOperation.java:122)
	at org.eclipse.wst.jsdt.core.JavaScriptCore.setJsGlobalScopeContainer(JavaScriptCore.java:3940)
	at org.eclipse.wst.jsdt.launching.JREContainerInitializer.initialize(JREContainerInitializer.java:48)
	at org.eclipse.wst.jsdt.internal.core.JavaModelManager.initializeContainer(JavaModelManager.java:2216)
	at org.eclipse.wst.jsdt.internal.core.JavaModelManager$6.run(JavaModelManager.java:2146)
	at org.eclipse.core.internal.resources.Workspace.run(Workspace.java:2315)
	at org.eclipse.core.internal.resources.Workspace.run(Workspace.java:2340)
	at org.eclipse.wst.jsdt.internal.core.JavaModelManager.initializeAllContainers(JavaModelManager.java:2162)
	at org.eclipse.wst.jsdt.internal.core.JavaModelManager.getJsGlobalScopeContainer(JavaModelManager.java:1536)
	at org.eclipse.wst.jsdt.core.JavaScriptCore.getJsGlobalScopeContainer(JavaScriptCore.java:1358)
	at org.eclipse.wst.jsdt.internal.core.JavaProject.resolveClasspath(JavaProject.java:2748)
	at org.eclipse.wst.jsdt.internal.core.JavaProject.getResolvedClasspath(JavaProject.java:2027)
	at org.eclipse.wst.jsdt.core.JavaScriptCore.initializeAfterLoad(JavaScriptCore.java:2694)
	at org.eclipse.wst.jsdt.internal.ui.InitializeAfterLoadJob$RealJob.run(InitializeAfterLoadJob.java:32)
	at org.eclipse.core.internal.jobs.Worker.run(Worker.java:63)
!SUBENTRY 1 org.eclipse.core.resources 4 368 2022-05-19 15:29:10.653
!MESSAGE Resource '/Proyecto-LP2' does not exist.
!STACK 0
java.lang.Exception: Resource '/Proyecto-LP2' does not exist.
	at org.eclipse.core.internal.resources.ResourceException.provideStackTrace(ResourceException.java:42)
	at org.eclipse.core.internal.resources.ResourceException.<init>(ResourceException.java:38)
	at org.eclipse.core.internal.resources.Resource.checkExists(Resource.java:330)
	at org.eclipse.core.internal.resources.Resource.checkAccessible(Resource.java:204)
	at org.eclipse.core.internal.resources.Project.checkAccessible(Project.java:145)
	at org.eclipse.core.internal.resources.Resource.checkAccessibleAndLocal(Resource.java:210)
	at org.eclipse.core.internal.resources.Resource.touch(Resource.java:1763)
	at org.eclipse.core.internal.resources.Project.touch(Project.java:1324)
	at org.eclipse.wst.jsdt.internal.core.SetContainerOperation.execute(SetContainerOperation.java:122)
	at org.eclipse.wst.jsdt.core.JavaScriptCore.setJsGlobalScopeContainer(JavaScriptCore.java:3940)
	at org.eclipse.wst.jsdt.launching.JREContainerInitializer.initialize(JREContainerInitializer.java:48)
	at org.eclipse.wst.jsdt.internal.core.JavaModelManager.initializeContainer(JavaModelManager.java:2216)
	at org.eclipse.wst.jsdt.internal.core.JavaModelManager$6.run(JavaModelManager.java:2146)
	at org.eclipse.core.internal.resources.Workspace.run(Workspace.java:2315)
	at org.eclipse.core.internal.resources.Workspace.run(Workspace.java:2340)
	at org.eclipse.wst.jsdt.internal.core.JavaModelManager.initializeAllContainers(JavaModelManager.java:2162)
	at org.eclipse.wst.jsdt.internal.core.JavaModelManager.getJsGlobalScopeContainer(JavaModelManager.java:1536)
	at org.eclipse.wst.jsdt.core.JavaScriptCore.getJsGlobalScopeContainer(JavaScriptCore.java:1358)
	at org.eclipse.wst.jsdt.internal.core.JavaProject.resolveClasspath(JavaProject.java:2748)
	at org.eclipse.wst.jsdt.internal.core.JavaProject.getResolvedClasspath(JavaProject.java:2027)
	at org.eclipse.wst.jsdt.core.JavaScriptCore.initializeAfterLoad(JavaScriptCore.java:2694)
	at org.eclipse.wst.jsdt.internal.ui.InitializeAfterLoadJob$RealJob.run(InitializeAfterLoadJob.java:32)
	at org.eclipse.core.internal.jobs.Worker.run(Worker.java:63)

!ENTRY org.eclipse.ui.ide 4 4 2022-05-19 15:31:03.677
!MESSAGE Not properly disposed SWT resource
!STACK 0
java.lang.Error: SWT Resource was not properly disposed
	at org.eclipse.swt.graphics.Resource.initNonDisposeTracking(Resource.java:172)
	at org.eclipse.swt.graphics.Resource.<init>(Resource.java:120)
	at org.eclipse.swt.graphics.Image.<init>(Image.java:683)
	at org.eclipse.jface.resource.URLImageDescriptor.createImage(URLImageDescriptor.java:275)
	at org.eclipse.jface.resource.ImageDescriptor.createImage(ImageDescriptor.java:290)
	at org.eclipse.jface.resource.ImageDescriptor.createImage(ImageDescriptor.java:268)
	at org.eclipse.jst.jee.ui.internal.navigator.web.WebAppProvider.getWeb40Image(WebAppProvider.java:167)
	at org.eclipse.jst.jee.ui.internal.navigator.web.WebAppProvider.getImage(WebAppProvider.java:111)
	at org.eclipse.jst.jee.ui.internal.navigator.Web25LabelProvider.getImage(Web25LabelProvider.java:47)
	at org.eclipse.ui.internal.navigator.NavigatorContentServiceLabelProvider.findImage(NavigatorContentServiceLabelProvider.java:204)
	at org.eclipse.ui.internal.navigator.NavigatorContentServiceLabelProvider.getColumnImage(NavigatorContentServiceLabelProvider.java:112)
	at org.eclipse.ui.internal.navigator.NavigatorContentServiceLabelProvider.getImage(NavigatorContentServiceLabelProvider.java:104)
	at org.eclipse.ui.internal.navigator.NavigatorDecoratingLabelProvider$StyledLabelProviderAdapter.getImage(NavigatorDecoratingLabelProvider.java:63)
	at org.eclipse.jface.viewers.DelegatingStyledCellLabelProvider.getImage(DelegatingStyledCellLabelProvider.java:198)
	at org.eclipse.jface.viewers.DecoratingStyledCellLabelProvider.getImage(DecoratingStyledCellLabelProvider.java:171)
	at org.eclipse.jface.viewers.DelegatingStyledCellLabelProvider.update(DelegatingStyledCellLabelProvider.java:124)
	at org.eclipse.jface.viewers.DecoratingStyledCellLabelProvider.update(DecoratingStyledCellLabelProvider.java:134)
	at org.eclipse.jface.viewers.ViewerColumn.refresh(ViewerColumn.java:144)
	at org.eclipse.jface.viewers.AbstractTreeViewer.doUpdateItem(AbstractTreeViewer.java:970)
	at org.eclipse.jface.viewers.AbstractTreeViewer$UpdateItemSafeRunnable.run(AbstractTreeViewer.java:126)
	at org.eclipse.core.runtime.SafeRunner.run(SafeRunner.java:45)
	at org.eclipse.jface.util.SafeRunnable.run(SafeRunnable.java:174)
	at org.eclipse.jface.viewers.AbstractTreeViewer.doUpdateItem(AbstractTreeViewer.java:1048)
	at org.eclipse.jface.viewers.StructuredViewer$UpdateItemSafeRunnable.run(StructuredViewer.java:427)
	at org.eclipse.core.runtime.SafeRunner.run(SafeRunner.java:45)
	at org.eclipse.jface.util.SafeRunnable.run(SafeRunnable.java:174)
	at org.eclipse.jface.viewers.StructuredViewer.updateItem(StructuredViewer.java:2109)
	at org.eclipse.jface.viewers.AbstractTreeViewer.createTreeItem(AbstractTreeViewer.java:864)
	at org.eclipse.jface.viewers.AbstractTreeViewer.createAddedElements(AbstractTreeViewer.java:433)
	at org.eclipse.jface.viewers.AbstractTreeViewer.internalAdd(AbstractTreeViewer.java:289)
	at org.eclipse.jface.viewers.TreeViewer.internalAdd(TreeViewer.java:630)
	at org.eclipse.jface.viewers.AbstractTreeViewer.add(AbstractTreeViewer.java:167)
	at org.eclipse.ui.navigator.CommonViewer.add(CommonViewer.java:305)
	at org.eclipse.jst.j2ee.navigator.internal.ClearPlaceHolderJob.runInUIThread(ClearPlaceHolderJob.java:42)
	at org.eclipse.jst.jee.ui.internal.navigator.ClearJeePlaceHolderJob.runInUIThread(ClearJeePlaceHolderJob.java:32)
	at org.eclipse.ui.progress.UIJob.lambda$0(UIJob.java:95)
	at org.eclipse.swt.widgets.RunnableLock.run(RunnableLock.java:40)
	at org.eclipse.swt.widgets.Synchronizer.runAsyncMessages(Synchronizer.java:185)
	at org.eclipse.swt.widgets.Display.runAsyncMessages(Display.java:4035)
	at org.eclipse.swt.widgets.Display.readAndDispatch(Display.java:3635)
	at org.eclipse.e4.ui.internal.workbench.swt.PartRenderingEngine$5.run(PartRenderingEngine.java:1155)
	at org.eclipse.core.databinding.observable.Realm.runWithDefault(Realm.java:338)
	at org.eclipse.e4.ui.internal.workbench.swt.PartRenderingEngine.run(PartRenderingEngine.java:1046)
	at org.eclipse.e4.ui.internal.workbench.E4Workbench.createAndRunUI(E4Workbench.java:155)
	at org.eclipse.ui.internal.Workbench.lambda$3(Workbench.java:644)
	at org.eclipse.core.databinding.observable.Realm.runWithDefault(Realm.java:338)
	at org.eclipse.ui.internal.Workbench.createAndRunWorkbench(Workbench.java:551)
	at org.eclipse.ui.PlatformUI.createAndRunWorkbench(PlatformUI.java:156)
	at org.eclipse.ui.internal.ide.application.IDEApplication.start(IDEApplication.java:152)
	at org.eclipse.equinox.internal.app.EclipseAppHandle.run(EclipseAppHandle.java:203)
	at org.eclipse.core.runtime.internal.adaptor.EclipseAppLauncher.runApplication(EclipseAppLauncher.java:136)
	at org.eclipse.core.runtime.internal.adaptor.EclipseAppLauncher.start(EclipseAppLauncher.java:104)
	at org.eclipse.core.runtime.adaptor.EclipseStarter.run(EclipseStarter.java:401)
	at org.eclipse.core.runtime.adaptor.EclipseStarter.run(EclipseStarter.java:255)
	at java.base/jdk.internal.reflect.NativeMethodAccessorImpl.invoke0(Native Method)
	at java.base/jdk.internal.reflect.NativeMethodAccessorImpl.invoke(NativeMethodAccessorImpl.java:77)
	at java.base/jdk.internal.reflect.DelegatingMethodAccessorImpl.invoke(DelegatingMethodAccessorImpl.java:43)
	at java.base/java.lang.reflect.Method.invoke(Method.java:568)
	at org.eclipse.equinox.launcher.Main.invokeFramework(Main.java:659)
	at org.eclipse.equinox.launcher.Main.basicRun(Main.java:596)
	at org.eclipse.equinox.launcher.Main.run(Main.java:1467)
!SESSION 2022-05-20 00:44:33.658 -----------------------------------------------
eclipse.buildId=4.23.0.I20220308-0310
java.version=17.0.2
java.vendor=Eclipse Adoptium
BootLoader constants: OS=win32, ARCH=x86_64, WS=win32, NL=es_PE
Framework arguments:  -product org.eclipse.epp.package.jee.product
Command-line arguments:  -os win32 -ws win32 -arch x86_64 -product org.eclipse.epp.package.jee.product

!ENTRY org.eclipse.jface 2 0 2022-05-20 00:44:40.460
!MESSAGE Keybinding conflicts occurred.  They may interfere with normal accelerator operation.
!SUBENTRY 1 org.eclipse.jface 2 0 2022-05-20 00:44:40.460
!MESSAGE A conflict occurred for CTRL+SHIFT+T:
Binding(CTRL+SHIFT+T,
	ParameterizedCommand(Command(org.eclipse.jdt.ui.navigate.open.type,Open Type,
		Open a type in a Java editor,
		Category(org.eclipse.ui.category.navigate,Navigate,null,true),
		org.eclipse.ui.internal.WorkbenchHandlerServiceHandler@5b7d5eca,
		,,true),null),
	org.eclipse.ui.defaultAcceleratorConfiguration,
	org.eclipse.ui.contexts.window,,,system)
Binding(CTRL+SHIFT+T,
	ParameterizedCommand(Command(org.eclipse.lsp4e.symbolinworkspace,Go to Symbol in Workspace,
		,
		Category(org.eclipse.lsp4e.category,Language Servers,null,true),
		org.eclipse.ui.internal.WorkbenchHandlerServiceHandler@52a3eba3,
		,,true),null),
	org.eclipse.ui.defaultAcceleratorConfiguration,
	org.eclipse.ui.contexts.window,,,system)
!SUBENTRY 1 org.eclipse.jface 2 0 2022-05-20 00:44:40.460
!MESSAGE A conflict occurred for ALT+SHIFT+R:
Binding(ALT+SHIFT+R,
	ParameterizedCommand(Command(org.eclipse.jdt.ui.edit.text.java.rename.element,Rename - Refactoring ,
		Rename the selected element,
		Category(org.eclipse.jdt.ui.category.refactoring,Refactor - Java,Java Refactoring Actions,true),
		org.eclipse.ui.internal.WorkbenchHandlerServiceHandler@4ed74d03,
		,,true),null),
	org.eclipse.ui.defaultAcceleratorConfiguration,
	org.eclipse.ui.contexts.window,,,system)
Binding(ALT+SHIFT+R,
	ParameterizedCommand(Command(org.eclipse.ui.edit.rename,Rename,
		Rename the selected item,
		Category(org.eclipse.ui.category.file,File,null,true),
		org.eclipse.ui.internal.WorkbenchHandlerServiceHandler@7ec729be,
		,,true),null),
	org.eclipse.ui.defaultAcceleratorConfiguration,
	org.eclipse.ui.contexts.window,,,system)

!ENTRY org.eclipse.ui.navigator 2 0 2022-05-20 00:44:43.767
!MESSAGE Can't find Navigator Content Descriptor with id: org.eclipse.jst.servlet.ui.EnhancedJavaRendering

!ENTRY org.eclipse.ui.navigator 2 0 2022-05-20 00:44:43.768
!MESSAGE Can't find Navigator Content Descriptor with id: org.eclipse.jst.servlet.ui.EnhancedJavaRendering

!ENTRY org.eclipse.egit.ui 2 0 2022-05-20 00:44:43.789
!MESSAGE Warning: The environment variable HOME is not set. The following directory will be used to store the Git
user global configuration and to define the default location to store repositories: 'C:\Users\usuario'. If this is
not correct please set the HOME environment variable and restart Eclipse. Otherwise Git for Windows and
EGit might behave differently since they see different configuration options.
This warning can be switched off on the Team > Git > Confirmations and Warnings preference page.
